<?xml version="1.0" encoding="UTF-8"?>
<!-- Generated by org.testng.reporters.JUnitReportReporter -->
<testsuite skipped="0" hostname="GowrisankarPC" name="testcases.TC001_Login" tests="1" failures="0" timestamp="22 Aug 2018 05:30:29 GMT" time="7.337" errors="0">
  <testcase name="login" time="7.337" classname="testcases.TC001_Login"/>
</testsuite> <!-- testcases.TC001_Login -->
